<?xml version="1.0" encoding="UTF-8"?>
<!-- Generated by org.testng.reporters.JUnitXMLReporter -->
<testsuite ignored="0" hostname="DESKTOP-9P5T93S" failures="0" tests="5" name="Default test" time="0.183" errors="0" timestamp="2021-08-09T13:56:52 CDT">
  <testcase classname="qaAcademy.SearchRoundTripFlightTest" name="@BeforeClass initialization" time="0.032">
    <failure type="java.lang.NullPointerException" message="Cannot invoke &amp;quot;String.contains(java.lang.CharSequence)&amp;quot; because &amp;quot;browserName&amp;quot; is null">
      <![CDATA[java.lang.NullPointerException: Cannot invoke "String.contains(java.lang.CharSequence)" because "browserName" is null
at qaAcademy.base.initializeDriver(base.java:38)
at qaAcademy.SearchRoundTripFlightTest.initialization(SearchRoundTripFlightTest.java:31)
at java.base/jdk.internal.reflect.NativeMethodAccessorImpl.invoke0(Native Method)
at java.base/jdk.internal.reflect.NativeMethodAccessorImpl.invoke(NativeMethodAccessorImpl.java:64)
at java.base/jdk.internal.reflect.DelegatingMethodAccessorImpl.invoke(DelegatingMethodAccessorImpl.java:43)
at java.base/java.lang.reflect.Method.invoke(Method.java:564)
at org.testng.internal.MethodInvocationHelper.invokeMethod(MethodInvocationHelper.java:132)
at org.testng.internal.MethodInvocationHelper.invokeMethodConsideringTimeout(MethodInvocationHelper.java:61)
at org.testng.internal.ConfigInvoker.invokeConfigurationMethod(ConfigInvoker.java:366)
at org.testng.internal.ConfigInvoker.invokeConfigurations(ConfigInvoker.java:320)
at org.testng.internal.TestMethodWorker.invokeBeforeClassMethods(TestMethodWorker.java:176)
at org.testng.internal.TestMethodWorker.run(TestMethodWorker.java:122)
at java.base/java.util.ArrayList.forEach(ArrayList.java:1511)
at org.testng.TestRunner.privateRun(TestRunner.java:764)
at org.testng.TestRunner.run(TestRunner.java:585)
at org.testng.SuiteRunner.runTest(SuiteRunner.java:384)
at org.testng.SuiteRunner.runSequentially(SuiteRunner.java:378)
at org.testng.SuiteRunner.privateRun(SuiteRunner.java:337)
at org.testng.SuiteRunner.run(SuiteRunner.java:286)
at org.testng.SuiteRunnerWorker.runSuite(SuiteRunnerWorker.java:53)
at org.testng.SuiteRunnerWorker.run(SuiteRunnerWorker.java:96)
at org.testng.TestNG.runSuitesSequentially(TestNG.java:1218)
at org.testng.TestNG.runSuitesLocally(TestNG.java:1140)
at org.testng.TestNG.runSuites(TestNG.java:1069)
at org.testng.TestNG.run(TestNG.java:1037)
at org.testng.remote.AbstractRemoteTestNG.run(AbstractRemoteTestNG.java:115)
at org.testng.remote.RemoteTestNG.initAndRun(RemoteTestNG.java:251)
at org.testng.remote.RemoteTestNG.main(RemoteTestNG.java:77)
]]>
    </failure>
  </testcase> <!-- @BeforeClass initialization -->
  <testcase classname="qaAcademy.SearchRoundTripFlightTest" name="@AfterTest tearDown" time="-1.628535412577E9">
    <skipped/>
  </testcase> <!-- @AfterTest tearDown -->
  <testcase classname="qaAcademy.SearchRoundTripFlightTest" name="selectDates" time="0.0">
    <skipped/>
  </testcase> <!-- selectDates -->
  <testcase classname="qaAcademy.SearchRoundTripFlightTest" name="selectRndTripRadio" time="0.0">
    <skipped/>
  </testcase> <!-- selectRndTripRadio -->
  <testcase classname="qaAcademy.SearchRoundTripFlightTest" name="selectDropdown" time="0.0">
    <skipped/>
  </testcase> <!-- selectDropdown -->
  <testcase classname="qaAcademy.SearchRoundTripFlightTest" name="autoSuggestDropdown" time="0.0">
    <skipped/>
  </testcase> <!-- autoSuggestDropdown -->
  <testcase classname="qaAcademy.SearchRoundTripFlightTest" name="selectCheckBox" time="0.0">
    <skipped/>
  </testcase> <!-- selectCheckBox -->
</testsuite> <!-- Default test -->
