<?xml version="1.0" encoding="UTF-8"?>
<!-- Generated by org.testng.reporters.JUnitReportReporter -->
<testsuite hostname="DESKTOP-9P5T93S" failures="0" tests="6" name="qaAcademy.SearchRoundTripFlightTest" time="0.032" errors="1" timestamp="2021-08-09T13:56:53 CDT" skipped="5">
  <testcase classname="qaAcademy.SearchRoundTripFlightTest" name="autoSuggestDropdown" time="0.000">
    <skipped/>
  </testcase> <!-- autoSuggestDropdown -->
  <system-out/>
  <testcase classname="qaAcademy.SearchRoundTripFlightTest" name="selectCheckBox" time="0.000">
    <skipped/>
  </testcase> <!-- selectCheckBox -->
  <system-out/>
  <testcase classname="qaAcademy.SearchRoundTripFlightTest" name="initialization" time="0.032">
    <error message="Cannot invoke &quot;String.contains(java.lang.CharSequence)&quot; because &quot;browserName&quot; is null" type="java.lang.NullPointerException">
      <![CDATA[java.lang.NullPointerException: Cannot invoke "String.contains(java.lang.CharSequence)" because "browserName" is null
at qaAcademy.base.initializeDriver(base.java:38)
at qaAcademy.SearchRoundTripFlightTest.initialization(SearchRoundTripFlightTest.java:31)
at java.base/jdk.internal.reflect.NativeMethodAccessorImpl.invoke0(Native Method)
at java.base/jdk.internal.reflect.NativeMethodAccessorImpl.invoke(NativeMethodAccessorImpl.java:64)
at java.base/jdk.internal.reflect.DelegatingMethodAccessorImpl.invoke(DelegatingMethodAccessorImpl.java:43)
at java.base/java.lang.reflect.Method.invoke(Method.java:564)
at org.testng.internal.MethodInvocationHelper.invokeMethod(MethodInvocationHelper.java:132)
at org.testng.internal.MethodInvocationHelper.invokeMethodConsideringTimeout(MethodInvocationHelper.java:61)
at org.testng.internal.ConfigInvoker.invokeConfigurationMethod(ConfigInvoker.java:366)
at org.testng.internal.ConfigInvoker.invokeConfigurations(ConfigInvoker.java:320)
at org.testng.internal.TestMethodWorker.invokeBeforeClassMethods(TestMethodWorker.java:176)
at org.testng.internal.TestMethodWorker.run(TestMethodWorker.java:122)
at java.base/java.util.ArrayList.forEach(ArrayList.java:1511)
at org.testng.TestRunner.privateRun(TestRunner.java:764)
at org.testng.TestRunner.run(TestRunner.java:585)
at org.testng.SuiteRunner.runTest(SuiteRunner.java:384)
at org.testng.SuiteRunner.runSequentially(SuiteRunner.java:378)
at org.testng.SuiteRunner.privateRun(SuiteRunner.java:337)
at org.testng.SuiteRunner.run(SuiteRunner.java:286)
at org.testng.SuiteRunnerWorker.runSuite(SuiteRunnerWorker.java:53)
at org.testng.SuiteRunnerWorker.run(SuiteRunnerWorker.java:96)
at org.testng.TestNG.runSuitesSequentially(TestNG.java:1218)
at org.testng.TestNG.runSuitesLocally(TestNG.java:1140)
at org.testng.TestNG.runSuites(TestNG.java:1069)
at org.testng.TestNG.run(TestNG.java:1037)
at org.testng.remote.AbstractRemoteTestNG.run(AbstractRemoteTestNG.java:115)
at org.testng.remote.RemoteTestNG.initAndRun(RemoteTestNG.java:251)
at org.testng.remote.RemoteTestNG.main(RemoteTestNG.java:77)
]]>
    </error>
  </testcase> <!-- initialization -->
  <system-out/>
  <testcase classname="qaAcademy.SearchRoundTripFlightTest" name="selectRndTripRadio" time="0.000">
    <skipped/>
  </testcase> <!-- selectRndTripRadio -->
  <system-out/>
  <testcase classname="qaAcademy.SearchRoundTripFlightTest" name="selectDates" time="0.000">
    <skipped/>
  </testcase> <!-- selectDates -->
  <system-out/>
  <testcase classname="qaAcademy.SearchRoundTripFlightTest" name="selectDropdown" time="0.000">
    <skipped/>
  </testcase> <!-- selectDropdown -->
  <system-out/>
</testsuite> <!-- qaAcademy.SearchRoundTripFlightTest -->
